{"/home/majkeloess/Desktop/testTesting/src/math.js": {"path":"/home/majkeloess/Desktop/testTesting/src/math.js","all":false,"statementMap":{"0":{"start":{"line":1,"column":0},"end":{"line":1,"column":28}},"1":{"start":{"line":2,"column":0},"end":{"line":2,"column":60}},"2":{"start":{"line":3,"column":0},"end":{"line":3,"column":1}},"3":{"start":{"line":4,"column":0},"end":{"line":4,"column":0}},"4":{"start":{"line":5,"column":0},"end":{"line":5,"column":27}},"5":{"start":{"line":6,"column":0},"end":{"line":6,"column":15}},"6":{"start":{"line":7,"column":0},"end":{"line":7,"column":1}},"7":{"start":{"line":8,"column":0},"end":{"line":8,"column":0}},"8":{"start":{"line":9,"column":0},"end":{"line":9,"column":39}}},"s":{"0":1,"1":2,"2":2,"3":1,"4":1,"5":2,"6":2,"7":1,"8":1},"branchMap":{"0":{"type":"branch","line":1,"loc":{"start":{"line":1,"column":17},"end":{"line":3,"column":1}},"locations":[{"start":{"line":1,"column":17},"end":{"line":3,"column":1}}]},"1":{"type":"branch","line":5,"loc":{"start":{"line":5,"column":16},"end":{"line":7,"column":1}},"locations":[{"start":{"line":5,"column":16},"end":{"line":7,"column":1}}]}},"b":{"0":[2],"1":[2]},"fnMap":{"0":{"name":"distance","decl":{"start":{"line":1,"column":17},"end":{"line":3,"column":1}},"loc":{"start":{"line":1,"column":17},"end":{"line":3,"column":1}},"line":1},"1":{"name":"product","decl":{"start":{"line":5,"column":16},"end":{"line":7,"column":1}},"loc":{"start":{"line":5,"column":16},"end":{"line":7,"column":1}},"line":5}},"f":{"0":2,"1":2}}
}
